{"/Users/maciejsitko/Desktop/cycle-router-driver/src/index.js": {"path":"/Users/maciejsitko/Desktop/cycle-router-driver/src/index.js","statementMap":{"0":{"start":{"line":1,"column":15},"end":{"line":1,"column":32}},"1":{"start":{"line":3,"column":18},"end":{"line":3,"column":49}},"2":{"start":{"line":4,"column":54},"end":{"line":4,"column":72}},"3":{"start":{"line":5,"column":22},"end":{"line":5,"column":48}},"4":{"start":{"line":6,"column":16},"end":{"line":6,"column":36}},"5":{"start":{"line":7,"column":24},"end":{"line":7,"column":51}},"6":{"start":{"line":8,"column":11},"end":{"line":8,"column":37}},"7":{"start":{"line":11,"column":14},"end":{"line":11,"column":18}},"8":{"start":{"line":11,"column":31},"end":{"line":11,"column":35}},"9":{"start":{"line":13,"column":0},"end":{"line":87,"column":2}},"10":{"start":{"line":14,"column":20},"end":{"line":14,"column":49}},"11":{"start":{"line":15,"column":19},"end":{"line":15,"column":44}},"12":{"start":{"line":16,"column":22},"end":{"line":16,"column":50}},"13":{"start":{"line":17,"column":27},"end":{"line":17,"column":58}},"14":{"start":{"line":18,"column":26},"end":{"line":18,"column":61}},"15":{"start":{"line":19,"column":30},"end":{"line":19,"column":64}},"16":{"start":{"line":27,"column":8},"end":{"line":30,"column":10}},"17":{"start":{"line":32,"column":8},"end":{"line":34,"column":43}},"18":{"start":{"line":36,"column":24},"end":{"line":36,"column":51}},"19":{"start":{"line":37,"column":26},"end":{"line":37,"column":48}},"20":{"start":{"line":40,"column":12},"end":{"line":46,"column":15}},"21":{"start":{"line":43,"column":20},"end":{"line":43,"column":68}},"22":{"start":{"line":48,"column":28},"end":{"line":71,"column":14}},"23":{"start":{"line":50,"column":20},"end":{"line":55,"column":73}},"24":{"start":{"line":53,"column":28},"end":{"line":53,"column":63}},"25":{"start":{"line":55,"column":38},"end":{"line":55,"column":71}},"26":{"start":{"line":57,"column":20},"end":{"line":64,"column":23}},"27":{"start":{"line":58,"column":24},"end":{"line":63,"column":77}},"28":{"start":{"line":61,"column":32},"end":{"line":61,"column":67}},"29":{"start":{"line":63,"column":42},"end":{"line":63,"column":75}},"30":{"start":{"line":67,"column":20},"end":{"line":69,"column":21}},"31":{"start":{"line":68,"column":24},"end":{"line":68,"column":35}},"32":{"start":{"line":72,"column":12},"end":{"line":72,"column":34}},"33":{"start":{"line":74,"column":8},"end":{"line":74,"column":28}},"34":{"start":{"line":77,"column":24},"end":{"line":84,"column":10}},"35":{"start":{"line":79,"column":16},"end":{"line":81,"column":71}},"36":{"start":{"line":81,"column":35},"end":{"line":81,"column":69}},"37":{"start":{"line":85,"column":8},"end":{"line":85,"column":30}}},"fnMap":{"0":{"name":"(anonymous_0)","decl":{"start":{"line":14,"column":8},"end":{"line":14,"column":9}},"loc":{"start":{"line":14,"column":20},"end":{"line":14,"column":49}},"line":14},"1":{"name":"(anonymous_1)","decl":{"start":{"line":15,"column":12},"end":{"line":15,"column":13}},"loc":{"start":{"line":15,"column":19},"end":{"line":15,"column":44}},"line":15},"2":{"name":"(anonymous_2)","decl":{"start":{"line":16,"column":15},"end":{"line":16,"column":16}},"loc":{"start":{"line":16,"column":22},"end":{"line":16,"column":50}},"line":16},"3":{"name":"(anonymous_3)","decl":{"start":{"line":17,"column":10},"end":{"line":17,"column":11}},"loc":{"start":{"line":17,"column":27},"end":{"line":17,"column":58}},"line":17},"4":{"name":"(anonymous_4)","decl":{"start":{"line":18,"column":14},"end":{"line":18,"column":15}},"loc":{"start":{"line":18,"column":26},"end":{"line":18,"column":61}},"line":18},"5":{"name":"(anonymous_5)","decl":{"start":{"line":19,"column":13},"end":{"line":19,"column":14}},"loc":{"start":{"line":19,"column":30},"end":{"line":19,"column":64}},"line":19},"6":{"name":"makeRouterDriver","decl":{"start":{"line":23,"column":31},"end":{"line":23,"column":47}},"loc":{"start":{"line":26,"column":6},"end":{"line":75,"column":5}},"line":26},"7":{"name":"routerDriver","decl":{"start":{"line":39,"column":17},"end":{"line":39,"column":29}},"loc":{"start":{"line":39,"column":38},"end":{"line":73,"column":9}},"line":39},"8":{"name":"(anonymous_8)","decl":{"start":{"line":42,"column":23},"end":{"line":42,"column":24}},"loc":{"start":{"line":42,"column":32},"end":{"line":44,"column":17}},"line":42},"9":{"name":"(anonymous_9)","decl":{"start":{"line":45,"column":26},"end":{"line":45,"column":27}},"loc":{"start":{"line":45,"column":32},"end":{"line":45,"column":34}},"line":45},"10":{"name":"(anonymous_10)","decl":{"start":{"line":49,"column":23},"end":{"line":49,"column":24}},"loc":{"start":{"line":49,"column":35},"end":{"line":65,"column":17}},"line":49},"11":{"name":"(anonymous_11)","decl":{"start":{"line":52,"column":30},"end":{"line":52,"column":31}},"loc":{"start":{"line":52,"column":39},"end":{"line":54,"column":25}},"line":52},"12":{"name":"(anonymous_12)","decl":{"start":{"line":55,"column":31},"end":{"line":55,"column":32}},"loc":{"start":{"line":55,"column":38},"end":{"line":55,"column":71}},"line":55},"13":{"name":"(anonymous_13)","decl":{"start":{"line":57,"column":46},"end":{"line":57,"column":47}},"loc":{"start":{"line":57,"column":68},"end":{"line":64,"column":21}},"line":57},"14":{"name":"(anonymous_14)","decl":{"start":{"line":60,"column":34},"end":{"line":60,"column":35}},"loc":{"start":{"line":60,"column":43},"end":{"line":62,"column":29}},"line":60},"15":{"name":"(anonymous_15)","decl":{"start":{"line":63,"column":35},"end":{"line":63,"column":36}},"loc":{"start":{"line":63,"column":42},"end":{"line":63,"column":75}},"line":63},"16":{"name":"(anonymous_16)","decl":{"start":{"line":66,"column":22},"end":{"line":66,"column":23}},"loc":{"start":{"line":66,"column":28},"end":{"line":70,"column":17}},"line":66},"17":{"name":"mockRouterSource","decl":{"start":{"line":76,"column":31},"end":{"line":76,"column":47}},"loc":{"start":{"line":76,"column":65},"end":{"line":86,"column":5}},"line":76},"18":{"name":"(anonymous_18)","decl":{"start":{"line":78,"column":19},"end":{"line":78,"column":20}},"loc":{"start":{"line":78,"column":31},"end":{"line":82,"column":13}},"line":78},"19":{"name":"(anonymous_19)","decl":{"start":{"line":81,"column":26},"end":{"line":81,"column":27}},"loc":{"start":{"line":81,"column":35},"end":{"line":81,"column":69}},"line":81},"20":{"name":"(anonymous_20)","decl":{"start":{"line":83,"column":18},"end":{"line":83,"column":19}},"loc":{"start":{"line":83,"column":24},"end":{"line":83,"column":26}},"line":83}},"branchMap":{"0":{"loc":{"start":{"line":25,"column":8},"end":{"line":25,"column":42}},"type":"default-arg","locations":[{"start":{"line":25,"column":40},"end":{"line":25,"column":42}}],"line":25},"1":{"loc":{"start":{"line":25,"column":10},"end":{"line":25,"column":21}},"type":"default-arg","locations":[{"start":{"line":25,"column":16},"end":{"line":25,"column":21}}],"line":25},"2":{"loc":{"start":{"line":25,"column":23},"end":{"line":25,"column":35}},"type":"default-arg","locations":[{"start":{"line":25,"column":33},"end":{"line":25,"column":35}}],"line":25},"3":{"loc":{"start":{"line":32,"column":18},"end":{"line":34,"column":42}},"type":"cond-expr","locations":[{"start":{"line":33,"column":14},"end":{"line":33,"column":43}},{"start":{"line":34,"column":14},"end":{"line":34,"column":42}}],"line":32},"4":{"loc":{"start":{"line":51,"column":33},"end":{"line":51,"column":65}},"type":"binary-expr","locations":[{"start":{"line":51,"column":33},"end":{"line":51,"column":36}},{"start":{"line":51,"column":40},"end":{"line":51,"column":65}}],"line":51},"5":{"loc":{"start":{"line":67,"column":20},"end":{"line":69,"column":21}},"type":"if","locations":[{"start":{"line":67,"column":20},"end":{"line":69,"column":21}},{"start":{"line":67,"column":20},"end":{"line":69,"column":21}}],"line":67}},"s":{"0":1,"1":1,"2":1,"3":1,"4":1,"5":1,"6":1,"7":1,"8":1,"9":1,"10":1,"11":1,"12":1,"13":1,"14":0,"15":1,"16":2,"17":2,"18":2,"19":2,"20":1,"21":0,"22":1,"23":1,"24":1,"25":0,"26":1,"27":0,"28":0,"29":0,"30":0,"31":0,"32":1,"33":2,"34":1,"35":1,"36":1,"37":1},"f":{"0":1,"1":1,"2":1,"3":1,"4":0,"5":1,"6":2,"7":1,"8":0,"9":0,"10":1,"11":1,"12":0,"13":0,"14":0,"15":0,"16":0,"17":1,"18":1,"19":1,"20":0},"b":{"0":[1],"1":[1],"2":[2],"3":[2,0],"4":[1,0],"5":[0,0]},"_coverageSchema":"332fd63041d2c1bcb487cc26dd0d5f7d97098a6c","hash":"d509a864709dbec362b088021c19349d35a95b9b"}
,"/Users/maciejsitko/Desktop/cycle-router-driver/src/historyIntent/index.js": {"path":"/Users/maciejsitko/Desktop/cycle-router-driver/src/historyIntent/index.js","statementMap":{"0":{"start":{"line":1,"column":16},"end":{"line":1,"column":37}},"1":{"start":{"line":3,"column":0},"end":{"line":18,"column":2}},"2":{"start":{"line":3,"column":28},"end":{"line":18,"column":1}},"3":{"start":{"line":4,"column":23},"end":{"line":10,"column":5}},"4":{"start":{"line":5,"column":33},"end":{"line":5,"column":58}},"5":{"start":{"line":6,"column":33},"end":{"line":6,"column":49}},"6":{"start":{"line":7,"column":36},"end":{"line":7,"column":55}},"7":{"start":{"line":8,"column":40},"end":{"line":8,"column":64}},"8":{"start":{"line":9,"column":43},"end":{"line":9,"column":70}},"9":{"start":{"line":12,"column":20},"end":{"line":12,"column":42}},"10":{"start":{"line":13,"column":4},"end":{"line":16,"column":5}},"11":{"start":{"line":14,"column":8},"end":{"line":14,"column":31}},"12":{"start":{"line":15,"column":8},"end":{"line":15,"column":15}},"13":{"start":{"line":17,"column":4},"end":{"line":17,"column":24}}},"fnMap":{"0":{"name":"(anonymous_0)","decl":{"start":{"line":3,"column":17},"end":{"line":3,"column":18}},"loc":{"start":{"line":3,"column":28},"end":{"line":18,"column":1}},"line":3},"1":{"name":"(anonymous_1)","decl":{"start":{"line":3,"column":28},"end":{"line":3,"column":29}},"loc":{"start":{"line":3,"column":37},"end":{"line":18,"column":1}},"line":3},"2":{"name":"(anonymous_2)","decl":{"start":{"line":5,"column":22},"end":{"line":5,"column":23}},"loc":{"start":{"line":5,"column":33},"end":{"line":5,"column":58}},"line":5},"3":{"name":"(anonymous_3)","decl":{"start":{"line":6,"column":27},"end":{"line":6,"column":28}},"loc":{"start":{"line":6,"column":33},"end":{"line":6,"column":49}},"line":6},"4":{"name":"(anonymous_4)","decl":{"start":{"line":7,"column":30},"end":{"line":7,"column":31}},"loc":{"start":{"line":7,"column":36},"end":{"line":7,"column":55}},"line":7},"5":{"name":"(anonymous_5)","decl":{"start":{"line":8,"column":24},"end":{"line":8,"column":25}},"loc":{"start":{"line":8,"column":40},"end":{"line":8,"column":64}},"line":8},"6":{"name":"(anonymous_6)","decl":{"start":{"line":9,"column":27},"end":{"line":9,"column":28}},"loc":{"start":{"line":9,"column":43},"end":{"line":9,"column":70}},"line":9}},"branchMap":{"0":{"loc":{"start":{"line":13,"column":4},"end":{"line":16,"column":5}},"type":"if","locations":[{"start":{"line":13,"column":4},"end":{"line":16,"column":5}},{"start":{"line":13,"column":4},"end":{"line":16,"column":5}}],"line":13}},"s":{"0":2,"1":2,"2":3,"3":6,"4":1,"5":1,"6":1,"7":1,"8":1,"9":6,"10":6,"11":5,"12":5,"13":1},"f":{"0":3,"1":6,"2":1,"3":1,"4":1,"5":1,"6":1},"b":{"0":[5,1]},"_coverageSchema":"332fd63041d2c1bcb487cc26dd0d5f7d97098a6c","hash":"86e077f58ed7be009c743aa1dc89f16a95c027ae"}
,"/Users/maciejsitko/Desktop/cycle-router-driver/src/intents/index.js": {"path":"/Users/maciejsitko/Desktop/cycle-router-driver/src/intents/index.js","statementMap":{"0":{"start":{"line":1,"column":0},"end":{"line":8,"column":2}}},"fnMap":{},"branchMap":{},"s":{"0":2},"f":{},"b":{},"_coverageSchema":"332fd63041d2c1bcb487cc26dd0d5f7d97098a6c","hash":"f6a18bb1b7c7a666c4df3ae5e56f696e29dcf103"}
}
