TN:
SF:/Users/maciejsitko/Desktop/cycle-router-driver/src/index.js
FN:14,(anonymous_0)
FN:15,(anonymous_1)
FN:16,(anonymous_2)
FN:17,(anonymous_3)
FN:18,(anonymous_4)
FN:19,(anonymous_5)
FN:23,makeRouterDriver
FN:39,routerDriver
FN:42,(anonymous_8)
FN:45,(anonymous_9)
FN:49,(anonymous_10)
FN:52,(anonymous_11)
FN:55,(anonymous_12)
FN:57,(anonymous_13)
FN:60,(anonymous_14)
FN:63,(anonymous_15)
FN:66,(anonymous_16)
FN:76,mockRouterSource
FN:78,(anonymous_18)
FN:81,(anonymous_19)
FN:83,(anonymous_20)
FNF:21
FNH:12
FNDA:1,(anonymous_0)
FNDA:1,(anonymous_1)
FNDA:1,(anonymous_2)
FNDA:1,(anonymous_3)
FNDA:0,(anonymous_4)
FNDA:1,(anonymous_5)
FNDA:2,makeRouterDriver
FNDA:1,routerDriver
FNDA:0,(anonymous_8)
FNDA:0,(anonymous_9)
FNDA:1,(anonymous_10)
FNDA:1,(anonymous_11)
FNDA:0,(anonymous_12)
FNDA:0,(anonymous_13)
FNDA:0,(anonymous_14)
FNDA:0,(anonymous_15)
FNDA:0,(anonymous_16)
FNDA:1,mockRouterSource
FNDA:1,(anonymous_18)
FNDA:1,(anonymous_19)
FNDA:0,(anonymous_20)
DA:1,1
DA:3,1
DA:4,1
DA:5,1
DA:6,1
DA:7,1
DA:8,1
DA:11,1
DA:13,1
DA:14,1
DA:15,1
DA:16,1
DA:17,1
DA:18,0
DA:19,1
DA:27,2
DA:32,2
DA:36,2
DA:37,2
DA:40,1
DA:43,0
DA:48,1
DA:50,1
DA:53,1
DA:55,0
DA:57,1
DA:58,0
DA:61,0
DA:63,0
DA:67,0
DA:68,0
DA:72,1
DA:74,2
DA:77,1
DA:79,1
DA:81,1
DA:85,1
LF:37
LH:29
BRDA:25,0,0,1
BRDA:25,1,0,1
BRDA:25,2,0,2
BRDA:32,3,0,2
BRDA:32,3,1,0
BRDA:51,4,0,1
BRDA:51,4,1,0
BRDA:67,5,0,0
BRDA:67,5,1,0
BRF:9
BRH:5
end_of_record
TN:
SF:/Users/maciejsitko/Desktop/cycle-router-driver/src/historyIntent/index.js
FN:3,(anonymous_0)
FN:3,(anonymous_1)
FN:5,(anonymous_2)
FN:6,(anonymous_3)
FN:7,(anonymous_4)
FN:8,(anonymous_5)
FN:9,(anonymous_6)
FNF:7
FNH:7
FNDA:3,(anonymous_0)
FNDA:6,(anonymous_1)
FNDA:1,(anonymous_2)
FNDA:1,(anonymous_3)
FNDA:1,(anonymous_4)
FNDA:1,(anonymous_5)
FNDA:1,(anonymous_6)
DA:1,2
DA:3,3
DA:4,6
DA:5,1
DA:6,1
DA:7,1
DA:8,1
DA:9,1
DA:12,6
DA:13,6
DA:14,5
DA:15,5
DA:17,1
LF:13
LH:13
BRDA:13,0,0,5
BRDA:13,0,1,1
BRF:2
BRH:2
end_of_record
TN:
SF:/Users/maciejsitko/Desktop/cycle-router-driver/src/intents/index.js
FNF:0
FNH:0
DA:1,2
LF:1
LH:1
BRF:0
BRH:0
end_of_record
